<?xml version="1.0" encoding="UTF-8"?>
<!-- Generated by org.testng.reporters.JUnitXMLReporter -->
<testsuite ignored="0" hostname="DESKTOP-4D5QIGT" failures="0" tests="1" name="TestOnChrome" time="0.129" errors="0" timestamp="2022-11-24T16:29:36 IST">
  <testcase classname="ParallerExecutionTesting.ParallerExecutionTesting" name="@BeforeMethod LauchBrowser" time="-1.669287575965E9">
    <failure type="org.testng.TestNGException" message="
Parameter &amp;apos;browser&amp;apos; is required by BeforeMethod on method LauchBrowser but has not been marked @Optional or defined
in C:\Users\lenovo\eclipse-workspace\TestNG_parallel_Execuation\testng.xml">
      <![CDATA[org.testng.TestNGException: 
Parameter 'browser' is required by BeforeMethod on method LauchBrowser but has not been marked @Optional or defined
in C:\Users\lenovo\eclipse-workspace\TestNG_parallel_Execuation\testng.xml
at java.base/java.util.ArrayList.forEach(ArrayList.java:1511)
at java.base/java.util.concurrent.FutureTask.run(FutureTask.java:264)
at java.base/java.util.concurrent.ThreadPoolExecutor.runWorker(ThreadPoolExecutor.java:1130)
at java.base/java.util.concurrent.ThreadPoolExecutor$Worker.run(ThreadPoolExecutor.java:630)
at java.base/java.lang.Thread.run(Thread.java:831)
... Removed 19 stack frames]]>
    </failure>
  </testcase> <!-- @BeforeMethod LauchBrowser -->
  <testcase classname="ParallerExecutionTesting.ParallerExecutionTesting" name="verifyTitel" time="0.0">
    <skipped/>
  </testcase> <!-- verifyTitel -->
</testsuite> <!-- TestOnChrome -->
