<?xml version="1.0" encoding="UTF-8"?>
<testng-results ignored="0" total="3" passed="2" failed="0" skipped="1">
  <reporter-output>
  </reporter-output>
  <suite started-at="2022-11-24T16:29:35 IST" name="Suite" finished-at="2022-11-24T16:30:29 IST" duration-ms="54098">
    <groups>
    </groups>
    <test started-at="2022-11-24T16:29:35 IST" name="TestOnChrome" finished-at="2022-11-24T16:29:36 IST" duration-ms="129">
      <class name="ParallerExecutionTesting.ParallerExecutionTesting">
        <test-method is-config="true" signature="LauchBrowser(java.lang.String)[pri:0, instance:ParallerExecutionTesting.ParallerExecutionTesting@ea6147e]" started-at="2022-11-24T16:29:35 IST" name="LauchBrowser" finished-at="1970-01-01T05:30:00 IST" duration-ms="-1669287575965" status="FAIL">
          <exception class="org.testng.TestNGException">
            <message>
              <![CDATA[
Parameter 'browser' is required by BeforeMethod on method LauchBrowser but has not been marked @Optional or defined
in C:\Users\lenovo\eclipse-workspace\TestNG_parallel_Execuation\testng.xml]]>
            </message>
            <full-stacktrace>
              <![CDATA[org.testng.TestNGException: 
Parameter 'browser' is required by BeforeMethod on method LauchBrowser but has not been marked @Optional or defined
in C:\Users\lenovo\eclipse-workspace\TestNG_parallel_Execuation\testng.xml
at org.testng.internal.Parameters.createParams(Parameters.java:270)
at org.testng.internal.Parameters.createParametersForMethod(Parameters.java:358)
at org.testng.internal.Parameters.createParameters(Parameters.java:700)
at org.testng.internal.Parameters.createConfigurationParameters(Parameters.java:168)
at org.testng.internal.ConfigInvoker.invokeConfigurations(ConfigInvoker.java:302)
at org.testng.internal.TestInvoker.runConfigMethods(TestInvoker.java:700)
at org.testng.internal.TestInvoker.invokeMethod(TestInvoker.java:527)
at org.testng.internal.TestInvoker.invokeTestMethod(TestInvoker.java:173)
at org.testng.internal.MethodRunner.runInSequence(MethodRunner.java:46)
at org.testng.internal.TestInvoker$MethodInvocationAgent.invoke(TestInvoker.java:824)
at org.testng.internal.TestInvoker.invokeTestMethods(TestInvoker.java:146)
at org.testng.internal.TestMethodWorker.invokeTestMethods(TestMethodWorker.java:146)
at org.testng.internal.TestMethodWorker.run(TestMethodWorker.java:128)
at java.base/java.util.ArrayList.forEach(ArrayList.java:1511)
at org.testng.TestRunner.privateRun(TestRunner.java:794)
at org.testng.TestRunner.run(TestRunner.java:596)
at org.testng.SuiteRunner.runTest(SuiteRunner.java:377)
at org.testng.SuiteRunner.access$000(SuiteRunner.java:28)
at org.testng.SuiteRunner$SuiteWorker.run(SuiteRunner.java:418)
at org.testng.internal.thread.ThreadUtil.lambda$execute$0(ThreadUtil.java:64)
at java.base/java.util.concurrent.FutureTask.run(FutureTask.java:264)
at java.base/java.util.concurrent.ThreadPoolExecutor.runWorker(ThreadPoolExecutor.java:1130)
at java.base/java.util.concurrent.ThreadPoolExecutor$Worker.run(ThreadPoolExecutor.java:630)
at java.base/java.lang.Thread.run(Thread.java:831)
]]>
            </full-stacktrace>
          </exception> <!-- org.testng.TestNGException -->
          <reporter-output>
          </reporter-output>
        </test-method> <!-- LauchBrowser -->
        <test-method signature="verifyTitel()[pri:0, instance:ParallerExecutionTesting.ParallerExecutionTesting@ea6147e]" started-at="2022-11-24T16:29:35 IST" name="verifyTitel" finished-at="2022-11-24T16:29:35 IST" duration-ms="0" status="SKIP">
          <exception class="org.testng.TestNGException">
            <message>
              <![CDATA[
Parameter 'browser' is required by BeforeMethod on method LauchBrowser but has not been marked @Optional or defined
in C:\Users\lenovo\eclipse-workspace\TestNG_parallel_Execuation\testng.xml]]>
            </message>
            <full-stacktrace>
              <![CDATA[org.testng.TestNGException: 
Parameter 'browser' is required by BeforeMethod on method LauchBrowser but has not been marked @Optional or defined
in C:\Users\lenovo\eclipse-workspace\TestNG_parallel_Execuation\testng.xml
at org.testng.internal.Parameters.createParams(Parameters.java:270)
at org.testng.internal.Parameters.createParametersForMethod(Parameters.java:358)
at org.testng.internal.Parameters.createParameters(Parameters.java:700)
at org.testng.internal.Parameters.createConfigurationParameters(Parameters.java:168)
at org.testng.internal.ConfigInvoker.invokeConfigurations(ConfigInvoker.java:302)
at org.testng.internal.TestInvoker.runConfigMethods(TestInvoker.java:700)
at org.testng.internal.TestInvoker.invokeMethod(TestInvoker.java:527)
at org.testng.internal.TestInvoker.invokeTestMethod(TestInvoker.java:173)
at org.testng.internal.MethodRunner.runInSequence(MethodRunner.java:46)
at org.testng.internal.TestInvoker$MethodInvocationAgent.invoke(TestInvoker.java:824)
at org.testng.internal.TestInvoker.invokeTestMethods(TestInvoker.java:146)
at org.testng.internal.TestMethodWorker.invokeTestMethods(TestMethodWorker.java:146)
at org.testng.internal.TestMethodWorker.run(TestMethodWorker.java:128)
at java.base/java.util.ArrayList.forEach(ArrayList.java:1511)
at org.testng.TestRunner.privateRun(TestRunner.java:794)
at org.testng.TestRunner.run(TestRunner.java:596)
at org.testng.SuiteRunner.runTest(SuiteRunner.java:377)
at org.testng.SuiteRunner.access$000(SuiteRunner.java:28)
at org.testng.SuiteRunner$SuiteWorker.run(SuiteRunner.java:418)
at org.testng.internal.thread.ThreadUtil.lambda$execute$0(ThreadUtil.java:64)
at java.base/java.util.concurrent.FutureTask.run(FutureTask.java:264)
at java.base/java.util.concurrent.ThreadPoolExecutor.runWorker(ThreadPoolExecutor.java:1130)
at java.base/java.util.concurrent.ThreadPoolExecutor$Worker.run(ThreadPoolExecutor.java:630)
at java.base/java.lang.Thread.run(Thread.java:831)
]]>
            </full-stacktrace>
          </exception> <!-- org.testng.TestNGException -->
          <reporter-output>
          </reporter-output>
        </test-method> <!-- verifyTitel -->
      </class> <!-- ParallerExecutionTesting.ParallerExecutionTesting -->
    </test> <!-- TestOnChrome -->
    <test started-at="2022-11-24T16:29:35 IST" name="TestOneMsedge" finished-at="2022-11-24T16:30:27 IST" duration-ms="51125">
      <class name="ParallerExecutionTesting.ParallerExecutionTesting">
        <test-method is-config="true" signature="LauchBrowser(java.lang.String)[pri:0, instance:ParallerExecutionTesting.ParallerExecutionTesting@3e11f9e9]" started-at="2022-11-24T16:29:35 IST" name="LauchBrowser" finished-at="2022-11-24T16:30:07 IST" duration-ms="31929" status="PASS">
          <params>
            <param index="0">
              <value>
                <![CDATA[msedge]]>
              </value>
            </param>
          </params>
          <reporter-output>
          </reporter-output>
        </test-method> <!-- LauchBrowser -->
        <test-method signature="verifyTitel()[pri:0, instance:ParallerExecutionTesting.ParallerExecutionTesting@3e11f9e9]" started-at="2022-11-24T16:30:07 IST" name="verifyTitel" finished-at="2022-11-24T16:30:27 IST" duration-ms="19110" status="PASS">
          <reporter-output>
          </reporter-output>
        </test-method> <!-- verifyTitel -->
      </class> <!-- ParallerExecutionTesting.ParallerExecutionTesting -->
    </test> <!-- TestOneMsedge -->
    <test started-at="2022-11-24T16:29:35 IST" name="TestOnFirefox" finished-at="2022-11-24T16:30:29 IST" duration-ms="54098">
      <class name="ParallerExecutionTesting.ParallerExecutionTesting">
        <test-method is-config="true" signature="LauchBrowser(java.lang.String)[pri:0, instance:ParallerExecutionTesting.ParallerExecutionTesting@4803b726]" started-at="2022-11-24T16:29:35 IST" name="LauchBrowser" finished-at="2022-11-24T16:30:07 IST" duration-ms="31640" status="PASS">
          <params>
            <param index="0">
              <value>
                <![CDATA[firefox]]>
              </value>
            </param>
          </params>
          <reporter-output>
          </reporter-output>
        </test-method> <!-- LauchBrowser -->
        <test-method signature="verifyTitel()[pri:0, instance:ParallerExecutionTesting.ParallerExecutionTesting@4803b726]" started-at="2022-11-24T16:30:07 IST" name="verifyTitel" finished-at="2022-11-24T16:30:29 IST" duration-ms="22369" status="PASS">
          <reporter-output>
          </reporter-output>
        </test-method> <!-- verifyTitel -->
      </class> <!-- ParallerExecutionTesting.ParallerExecutionTesting -->
    </test> <!-- TestOnFirefox -->
  </suite> <!-- Suite -->
</testng-results>
